[dotenv@17.2.3] injecting env (8) from .env -- tip: ⚙️  suppress all logs with { quiet: true }
🚀 Server running on port 5001
✅ MongoDB Connected
[2025-12-02T04:49:49.982Z] GET /
[2025-12-02T04:50:01.376Z] POST /api/auth/signup
Registering user: manual@test.com
User exists check done: false
Creating user...
Pre-save hook triggered
Hashing password...
Password hashed
User created: new ObjectId('692e6ff91fa3bf4bbc4852cd')
[2025-12-02T04:51:06.228Z] POST /api/auth/signup
Registering user: finalfinal@test.com
User exists check done: false
Creating user...
Pre-save hook triggered
Hashing password...
Password hashed
User created: new ObjectId('692e703a1fa3bf4bbc4852d0')
[2025-12-02T04:53:56.862Z] OPTIONS /api/auth/signup
[2025-12-02T04:53:56.865Z] POST /api/auth/signup
Registering user: kagithamanoj@gmail.com
User exists check done: true
[2025-12-02T04:54:03.773Z] OPTIONS /api/auth/signup
[2025-12-02T04:54:03.776Z] POST /api/auth/signup
Registering user: mymanoj11@gmail.com
User exists check done: false
Creating user...
Pre-save hook triggered
Hashing password...
Password hashed
User created: new ObjectId('692e70eb1fa3bf4bbc4852d4')
[2025-12-02T04:54:03.997Z] OPTIONS /api/dashboard
[2025-12-02T04:54:03.998Z] OPTIONS /api/dashboard
[2025-12-02T04:54:03.999Z] GET /api/dashboard
[2025-12-02T04:54:04.240Z] GET /api/dashboard
[2025-12-02T04:54:20.544Z] OPTIONS /api/trips
[2025-12-02T04:54:20.546Z] OPTIONS /api/trips
[2025-12-02T04:54:20.546Z] GET /api/trips
[2025-12-02T04:54:20.643Z] GET /api/trips
[2025-12-02T04:54:21.758Z] OPTIONS /api/expenses
[2025-12-02T04:54:21.759Z] OPTIONS /api/expenses
[2025-12-02T04:54:21.759Z] GET /api/expenses
[2025-12-02T04:54:21.855Z] GET /api/expenses
[2025-12-02T04:54:23.576Z] GET /api/trips
[2025-12-02T04:54:23.679Z] GET /api/trips
[2025-12-02T04:54:25.491Z] GET /api/trips
[2025-12-02T04:54:25.588Z] GET /api/trips
[2025-12-02T04:54:26.155Z] GET /api/expenses
[2025-12-02T04:54:26.253Z] GET /api/expenses
[2025-12-02T04:54:28.462Z] OPTIONS /api/dashboard
[2025-12-02T04:54:28.463Z] OPTIONS /api/dashboard
[2025-12-02T04:54:28.464Z] GET /api/dashboard
[2025-12-02T04:54:28.698Z] GET /api/dashboard
[2025-12-02T04:54:29.256Z] OPTIONS /api/expenses
[2025-12-02T04:54:29.258Z] OPTIONS /api/expenses
[2025-12-02T04:54:29.259Z] GET /api/expenses
[2025-12-02T04:54:29.357Z] GET /api/expenses
[2025-12-02T04:54:31.077Z] OPTIONS /api/trips
[2025-12-02T04:54:31.079Z] OPTIONS /api/trips
[2025-12-02T04:54:31.080Z] GET /api/trips
[2025-12-02T04:54:31.175Z] GET /api/trips
[2025-12-02T04:54:39.756Z] OPTIONS /api/dashboard
[2025-12-02T04:54:39.757Z] OPTIONS /api/dashboard
[2025-12-02T04:54:39.758Z] GET /api/dashboard
[2025-12-02T04:54:39.993Z] GET /api/dashboard
[2025-12-02T04:57:42.116Z] OPTIONS /api/auth/me
[2025-12-02T04:57:42.117Z] OPTIONS /api/auth/me
[2025-12-02T04:57:42.118Z] GET /api/auth/me
[2025-12-02T04:57:42.212Z] GET /api/auth/me
[2025-12-02T04:57:42.219Z] OPTIONS /api/dashboard
[2025-12-02T04:57:42.219Z] OPTIONS /api/dashboard
[2025-12-02T04:57:42.220Z] GET /api/dashboard
[2025-12-02T04:57:42.442Z] GET /api/dashboard
[2025-12-02T05:01:50.364Z] OPTIONS /api/auth/me
[2025-12-02T05:01:50.365Z] OPTIONS /api/auth/me
[2025-12-02T05:01:50.366Z] GET /api/auth/me
[2025-12-02T05:01:50.466Z] GET /api/auth/me
[2025-12-02T05:01:52.906Z] OPTIONS /api/auth/login
[2025-12-02T05:01:52.907Z] POST /api/auth/login
[2025-12-02T05:01:53.033Z] OPTIONS /api/dashboard
[2025-12-02T05:01:53.034Z] OPTIONS /api/dashboard
[2025-12-02T05:01:53.035Z] GET /api/dashboard
[2025-12-02T05:01:53.258Z] GET /api/dashboard
[2025-12-02T05:01:56.936Z] OPTIONS /api/expenses
[2025-12-02T05:01:56.937Z] OPTIONS /api/expenses
[2025-12-02T05:01:56.938Z] GET /api/expenses
[2025-12-02T05:01:57.036Z] GET /api/expenses
[2025-12-02T05:01:58.033Z] OPTIONS /api/trips
[2025-12-02T05:01:58.034Z] OPTIONS /api/trips
[2025-12-02T05:01:58.035Z] GET /api/trips
[2025-12-02T05:01:58.129Z] GET /api/trips
[2025-12-02T05:02:01.716Z] GET /api/trips
[2025-12-02T05:02:01.813Z] GET /api/trips
[2025-12-02T05:02:02.213Z] OPTIONS /api/expenses
[2025-12-02T05:02:02.214Z] OPTIONS /api/expenses
[2025-12-02T05:02:02.215Z] GET /api/expenses
[2025-12-02T05:02:02.311Z] GET /api/expenses
[2025-12-02T05:02:27.280Z] OPTIONS /api/trips
[2025-12-02T05:02:27.281Z] OPTIONS /api/trips
[2025-12-02T05:02:27.281Z] GET /api/trips
[2025-12-02T05:02:27.377Z] GET /api/trips
[2025-12-02T05:05:46.869Z] OPTIONS /api/auth/me
[2025-12-02T05:05:46.881Z] OPTIONS /api/auth/me
[2025-12-02T05:05:46.886Z] GET /api/auth/me
[2025-12-02T05:05:47.077Z] GET /api/auth/me
[2025-12-02T05:05:47.099Z] OPTIONS /api/trips
[2025-12-02T05:05:47.104Z] GET /api/trips
[2025-12-02T05:05:47.108Z] OPTIONS /api/trips
[2025-12-02T05:05:47.204Z] GET /api/trips
[2025-12-02T05:16:39.034Z] OPTIONS /api/auth/google
[2025-12-02T05:16:39.048Z] POST /api/auth/google
Google Auth Error: ReferenceError: GOOGLE_CLIENT_ID is not defined
    at googleLogin (file:///Users/Manoj/NeuraSpark/Squadly/server/controllers/authController.js:85:23)
    at Layer.handleRequest (/Users/Manoj/NeuraSpark/Squadly/server/node_modules/router/lib/layer.js:152:17)
    at next (/Users/Manoj/NeuraSpark/Squadly/server/node_modules/router/lib/route.js:157:13)
    at Route.dispatch (/Users/Manoj/NeuraSpark/Squadly/server/node_modules/router/lib/route.js:117:3)
    at handle (/Users/Manoj/NeuraSpark/Squadly/server/node_modules/router/index.js:435:11)
    at Layer.handleRequest (/Users/Manoj/NeuraSpark/Squadly/server/node_modules/router/lib/layer.js:152:17)
    at /Users/Manoj/NeuraSpark/Squadly/server/node_modules/router/index.js:295:15
    at processParams (/Users/Manoj/NeuraSpark/Squadly/server/node_modules/router/index.js:582:12)
    at next (/Users/Manoj/NeuraSpark/Squadly/server/node_modules/router/index.js:291:5)
    at Function.handle (/Users/Manoj/NeuraSpark/Squadly/server/node_modules/router/index.js:186:3)
[2025-12-02T05:16:53.392Z] OPTIONS /api/auth/login
[2025-12-02T05:16:53.402Z] POST /api/auth/login
[2025-12-02T05:16:54.111Z] OPTIONS /api/dashboard
[2025-12-02T05:16:54.111Z] OPTIONS /api/dashboard
[2025-12-02T05:16:54.112Z] GET /api/dashboard
[2025-12-02T05:16:54.351Z] GET /api/dashboard
[2025-12-02T05:17:02.754Z] OPTIONS /api/expenses
[2025-12-02T05:17:02.766Z] OPTIONS /api/expenses
[2025-12-02T05:17:02.768Z] GET /api/expenses
[2025-12-02T05:17:02.877Z] GET /api/expenses
[2025-12-02T05:18:46.360Z] OPTIONS /api/auth/me
[2025-12-02T05:18:46.362Z] OPTIONS /api/auth/me
[2025-12-02T05:18:46.362Z] GET /api/auth/me
[2025-12-02T05:18:46.471Z] GET /api/auth/me
[2025-12-02T05:18:46.485Z] OPTIONS /api/expenses
[2025-12-02T05:18:46.485Z] OPTIONS /api/expenses
[2025-12-02T05:18:46.486Z] GET /api/expenses
[2025-12-02T05:18:46.971Z] OPTIONS /api/auth/me
[2025-12-02T05:18:46.971Z] OPTIONS /api/auth/me
[2025-12-02T05:18:46.976Z] GET /api/auth/me
[2025-12-02T05:18:47.010Z] GET /api/expenses
[2025-12-02T05:18:47.081Z] GET /api/auth/me
[2025-12-02T05:18:47.109Z] OPTIONS /api/trips
[2025-12-02T05:18:47.109Z] OPTIONS /api/trips
[2025-12-02T05:18:47.111Z] GET /api/trips
[2025-12-02T05:18:47.213Z] GET /api/trips
[2025-12-02T05:18:47.893Z] GET /api/auth/me
[2025-12-02T05:18:47.983Z] GET /api/auth/me
[2025-12-02T05:18:47.994Z] GET /api/expenses
[2025-12-02T05:18:48.082Z] GET /api/expenses
[2025-12-02T05:18:48.264Z] GET /api/auth/me
[2025-12-02T05:18:48.353Z] GET /api/auth/me
[2025-12-02T05:18:48.358Z] GET /api/trips
[2025-12-02T05:18:48.445Z] GET /api/trips
[2025-12-02T05:18:58.744Z] OPTIONS /api/auth/me
[2025-12-02T05:18:58.745Z] OPTIONS /api/auth/me
[2025-12-02T05:18:58.746Z] GET /api/auth/me
[2025-12-02T05:18:58.851Z] GET /api/auth/me
[2025-12-02T05:18:58.866Z] OPTIONS /api/dashboard
[2025-12-02T05:18:58.869Z] GET /api/dashboard
[2025-12-02T05:18:58.871Z] OPTIONS /api/dashboard
[2025-12-02T05:18:59.149Z] GET /api/dashboard
[2025-12-02T05:19:20.796Z] OPTIONS /api/auth/me
[2025-12-02T05:19:20.798Z] OPTIONS /api/auth/me
[2025-12-02T05:19:20.799Z] GET /api/auth/me
[2025-12-02T05:19:20.900Z] GET /api/auth/me
[2025-12-02T05:19:20.917Z] OPTIONS /api/dashboard
[2025-12-02T05:19:20.923Z] GET /api/dashboard
[2025-12-02T05:19:20.934Z] OPTIONS /api/dashboard
[2025-12-02T05:19:21.248Z] GET /api/dashboard
[2025-12-02T05:20:16.182Z] OPTIONS /api/auth/me
[2025-12-02T05:20:16.187Z] OPTIONS /api/auth/me
[2025-12-02T05:20:16.187Z] GET /api/auth/me
[2025-12-02T05:20:16.280Z] GET /api/auth/me
[2025-12-02T05:20:16.285Z] OPTIONS /api/dashboard
[2025-12-02T05:20:16.286Z] OPTIONS /api/dashboard
[2025-12-02T05:20:16.286Z] GET /api/dashboard
[2025-12-02T05:20:16.519Z] GET /api/dashboard
[2025-12-02T05:20:20.583Z] OPTIONS /api/expenses
[2025-12-02T05:20:20.584Z] OPTIONS /api/expenses
[2025-12-02T05:20:20.585Z] GET /api/expenses
[2025-12-02T05:20:20.683Z] GET /api/expenses
[2025-12-02T05:22:17.784Z] OPTIONS /api/auth/me
[2025-12-02T05:22:17.788Z] OPTIONS /api/auth/me
[2025-12-02T05:22:17.790Z] GET /api/auth/me
[2025-12-02T05:22:17.795Z] OPTIONS /api/auth/me
[2025-12-02T05:22:17.796Z] OPTIONS /api/auth/me
[2025-12-02T05:22:17.890Z] GET /api/auth/me
[2025-12-02T05:22:17.895Z] OPTIONS /api/expenses
[2025-12-02T05:22:17.896Z] OPTIONS /api/expenses
[2025-12-02T05:22:17.897Z] GET /api/expenses
[2025-12-02T05:22:17.974Z] GET /api/auth/me
[2025-12-02T05:22:17.995Z] GET /api/expenses
[2025-12-02T05:22:18.066Z] GET /api/auth/me
[2025-12-02T05:22:18.085Z] GET /api/expenses
[2025-12-02T05:22:18.152Z] GET /api/auth/me
[2025-12-02T05:22:18.180Z] GET /api/expenses
[2025-12-02T05:22:18.245Z] GET /api/auth/me
[2025-12-02T05:22:18.309Z] OPTIONS /api/dashboard
[2025-12-02T05:22:18.314Z] OPTIONS /api/dashboard
[2025-12-02T05:22:18.318Z] GET /api/dashboard
[2025-12-02T05:22:18.370Z] OPTIONS /api/auth/me
[2025-12-02T05:22:18.371Z] OPTIONS /api/auth/me
[2025-12-02T05:22:18.374Z] GET /api/auth/me
[2025-12-02T05:22:18.465Z] GET /api/auth/me
[2025-12-02T05:22:18.471Z] OPTIONS /api/trips
[2025-12-02T05:22:18.472Z] OPTIONS /api/trips
[2025-12-02T05:22:18.473Z] GET /api/trips
[2025-12-02T05:22:18.545Z] GET /api/dashboard
[2025-12-02T05:22:18.961Z] GET /api/trips
[2025-12-02T05:23:10.531Z] OPTIONS /api/auth/me
[2025-12-02T05:23:10.535Z] OPTIONS /api/auth/me
[2025-12-02T05:23:10.535Z] GET /api/auth/me
[2025-12-02T05:23:10.640Z] GET /api/auth/me
[2025-12-02T05:23:10.650Z] OPTIONS /api/expenses
[2025-12-02T05:23:10.651Z] OPTIONS /api/expenses
[2025-12-02T05:23:10.652Z] GET /api/expenses
[2025-12-02T05:23:10.771Z] GET /api/expenses
[2025-12-02T05:23:14.308Z] GET /api/expenses
[2025-12-02T05:23:14.406Z] GET /api/expenses
[2025-12-02T05:23:20.109Z] OPTIONS /api/auth/me
[2025-12-02T05:23:20.128Z] OPTIONS /api/auth/me
[2025-12-02T05:23:20.129Z] GET /api/auth/me
[2025-12-02T05:23:20.374Z] GET /api/auth/me
[2025-12-02T05:23:20.386Z] OPTIONS /api/expenses
[2025-12-02T05:23:20.404Z] GET /api/expenses
[2025-12-02T05:23:20.413Z] OPTIONS /api/expenses
[2025-12-02T05:23:20.521Z] GET /api/expenses
[2025-12-02T05:23:49.940Z] OPTIONS /api/auth/me
[2025-12-02T05:23:49.941Z] OPTIONS /api/auth/me
[2025-12-02T05:23:49.941Z] GET /api/auth/me
[2025-12-02T05:23:50.043Z] GET /api/auth/me
[2025-12-02T05:23:50.052Z] OPTIONS /api/expenses
[2025-12-02T05:23:50.054Z] OPTIONS /api/expenses
[2025-12-02T05:23:50.055Z] GET /api/expenses
[2025-12-02T05:23:50.160Z] GET /api/expenses
[2025-12-02T05:26:02.679Z] OPTIONS /api/auth/me
[2025-12-02T05:26:02.680Z] OPTIONS /api/auth/me
[2025-12-02T05:26:02.681Z] GET /api/auth/me
[2025-12-02T05:26:02.773Z] GET /api/auth/me
[2025-12-02T05:26:02.778Z] OPTIONS /api/expenses
[2025-12-02T05:26:02.779Z] OPTIONS /api/expenses
[2025-12-02T05:26:02.779Z] GET /api/expenses
[2025-12-02T05:26:02.884Z] GET /api/expenses
[2025-12-02T05:26:06.652Z] OPTIONS /api/trips
[2025-12-02T05:26:06.653Z] OPTIONS /api/trips
[2025-12-02T05:26:06.653Z] GET /api/trips
[2025-12-02T05:26:06.750Z] GET /api/trips
[2025-12-02T05:26:07.743Z] OPTIONS /api/dashboard
[2025-12-02T05:26:07.744Z] OPTIONS /api/dashboard
[2025-12-02T05:26:07.746Z] GET /api/dashboard
[2025-12-02T05:26:07.982Z] GET /api/dashboard
[2025-12-02T05:26:16.825Z] OPTIONS /api/auth/me
[2025-12-02T05:26:16.826Z] OPTIONS /api/auth/me
[2025-12-02T05:26:16.827Z] GET /api/auth/me
[2025-12-02T05:26:16.919Z] GET /api/auth/me
[2025-12-02T05:26:16.925Z] OPTIONS /api/dashboard
[2025-12-02T05:26:16.926Z] OPTIONS /api/dashboard
[2025-12-02T05:26:16.926Z] GET /api/dashboard
[2025-12-02T05:26:17.160Z] GET /api/dashboard
[2025-12-02T05:26:31.732Z] OPTIONS /api/expenses
[2025-12-02T05:26:31.733Z] OPTIONS /api/expenses
[2025-12-02T05:26:31.735Z] GET /api/expenses
[2025-12-02T05:26:31.834Z] GET /api/expenses
[2025-12-02T05:26:32.937Z] OPTIONS /api/trips
[2025-12-02T05:26:32.938Z] OPTIONS /api/trips
[2025-12-02T05:26:32.939Z] GET /api/trips
[2025-12-02T05:26:33.032Z] GET /api/trips
[2025-12-02T05:26:35.262Z] GET /api/trips
[2025-12-02T05:26:35.362Z] GET /api/trips
[2025-12-02T05:30:39.002Z] OPTIONS /api/trips
[2025-12-02T05:30:39.005Z] GET /api/trips
[2025-12-02T05:30:39.220Z] OPTIONS /api/trips
[2025-12-02T05:30:39.221Z] GET /api/trips
[2025-12-02T05:31:34.869Z] OPTIONS /api/auth/me
[2025-12-02T05:31:34.878Z] OPTIONS /api/auth/me
[2025-12-02T05:31:34.879Z] GET /api/auth/me
[2025-12-02T05:31:34.980Z] GET /api/auth/me
[2025-12-02T05:31:34.998Z] OPTIONS /api/trips
[2025-12-02T05:31:34.999Z] OPTIONS /api/trips
[2025-12-02T05:31:35.000Z] GET /api/trips
[2025-12-02T05:31:35.105Z] GET /api/trips
[2025-12-02T05:31:56.251Z] OPTIONS /api/trips
[2025-12-02T05:31:56.254Z] POST /api/trips
[2025-12-02T05:31:57.379Z] POST /api/trips
[2025-12-02T05:32:01.194Z] POST /api/trips
[2025-12-02T05:32:01.894Z] OPTIONS /api/trips
[2025-12-02T05:32:01.895Z] POST /api/trips
[2025-12-02T05:32:02.045Z] POST /api/trips
[2025-12-02T05:32:04.828Z] OPTIONS /api/auth/me
[2025-12-02T05:32:04.828Z] OPTIONS /api/auth/me
[2025-12-02T05:32:04.829Z] GET /api/auth/me
[2025-12-02T05:32:04.923Z] GET /api/auth/me
[2025-12-02T05:32:04.928Z] GET /api/trips
[2025-12-02T05:32:05.027Z] GET /api/trips
[2025-12-02T05:33:59.553Z] OPTIONS /api/auth/me
[2025-12-02T05:33:59.571Z] OPTIONS /api/auth/me
[2025-12-02T05:33:59.576Z] OPTIONS /api/auth/me
[2025-12-02T05:33:59.578Z] OPTIONS /api/auth/me
[2025-12-02T05:33:59.580Z] OPTIONS /api/auth/me
[2025-12-02T05:33:59.584Z] OPTIONS /api/auth/me
[2025-12-02T05:33:59.585Z] OPTIONS /api/auth/me
[2025-12-02T05:33:59.587Z] OPTIONS /api/auth/me
[2025-12-02T05:33:59.588Z] GET /api/auth/me
[2025-12-02T05:33:59.642Z] OPTIONS /api/auth/me
[2025-12-02T05:33:59.645Z] OPTIONS /api/auth/me
[2025-12-02T05:33:59.664Z] OPTIONS /api/auth/me
[2025-12-02T05:33:59.667Z] OPTIONS /api/auth/me
[2025-12-02T05:33:59.669Z] GET /api/auth/me
[2025-12-02T05:33:59.753Z] GET /api/auth/me
[2025-12-02T05:33:59.754Z] OPTIONS /api/expenses
[2025-12-02T05:33:59.755Z] OPTIONS /api/expenses
[2025-12-02T05:33:59.756Z] GET /api/expenses
[2025-12-02T05:33:59.771Z] GET /api/auth/me
[2025-12-02T05:33:59.773Z] OPTIONS /api/trips
[2025-12-02T05:33:59.773Z] OPTIONS /api/trips
[2025-12-02T05:33:59.777Z] GET /api/trips
[2025-12-02T05:33:59.851Z] GET /api/auth/me
[2025-12-02T05:33:59.869Z] GET /api/expenses
[2025-12-02T05:33:59.945Z] GET /api/auth/me
[2025-12-02T05:33:59.957Z] OPTIONS /api/trips
[2025-12-02T05:33:59.958Z] OPTIONS /api/trips
[2025-12-02T05:33:59.959Z] GET /api/trips
[2025-12-02T05:33:59.963Z] GET /api/expenses
[2025-12-02T05:34:00.043Z] GET /api/auth/me
[2025-12-02T05:34:00.072Z] GET /api/trips
[2025-12-02T05:34:00.074Z] GET /api/expenses
[2025-12-02T05:34:00.132Z] GET /api/auth/me
[2025-12-02T05:34:00.231Z] GET /api/auth/me
[2025-12-02T05:34:00.255Z] GET /api/expenses
[2025-12-02T05:34:00.321Z] GET /api/auth/me
[2025-12-02T05:34:00.326Z] GET /api/trips
[2025-12-02T05:34:00.345Z] GET /api/expenses
[2025-12-02T05:34:00.414Z] GET /api/auth/me
[2025-12-02T05:34:00.434Z] OPTIONS /api/dashboard
[2025-12-02T05:34:00.434Z] OPTIONS /api/dashboard
[2025-12-02T05:34:00.435Z] GET /api/dashboard
[2025-12-02T05:34:00.503Z] GET /api/auth/me
[2025-12-02T05:34:00.677Z] GET /api/dashboard
[2025-12-02T05:35:21.124Z] OPTIONS /api/auth/me
[2025-12-02T05:35:21.128Z] OPTIONS /api/auth/me
[2025-12-02T05:35:21.129Z] GET /api/auth/me
[2025-12-02T05:35:21.230Z] GET /api/auth/me
[2025-12-02T05:35:21.242Z] OPTIONS /api/trips
[2025-12-02T05:35:21.243Z] OPTIONS /api/trips
[2025-12-02T05:35:21.244Z] GET /api/trips
[2025-12-02T05:35:21.379Z] GET /api/trips
[2025-12-02T05:35:24.922Z] GET /api/trips
[2025-12-02T05:35:25.019Z] GET /api/trips
[2025-12-02T05:35:25.544Z] OPTIONS /api/expenses
[2025-12-02T05:35:25.545Z] OPTIONS /api/expenses
[2025-12-02T05:35:25.546Z] GET /api/expenses
[2025-12-02T05:35:25.637Z] GET /api/expenses
[2025-12-02T05:35:26.299Z] OPTIONS /api/dashboard
[2025-12-02T05:35:26.300Z] OPTIONS /api/dashboard
[2025-12-02T05:35:26.301Z] GET /api/dashboard
[2025-12-02T05:35:26.532Z] GET /api/dashboard
[2025-12-02T05:35:27.074Z] OPTIONS /api/trips
[2025-12-02T05:35:27.075Z] OPTIONS /api/trips
[2025-12-02T05:35:27.075Z] GET /api/trips
[2025-12-02T05:35:27.165Z] GET /api/trips
[2025-12-02T05:39:35.573Z] OPTIONS /api/auth/me
[2025-12-02T05:39:35.575Z] OPTIONS /api/auth/me
[2025-12-02T05:39:35.575Z] OPTIONS /api/auth/me
[2025-12-02T05:39:35.576Z] OPTIONS /api/auth/me
[2025-12-02T05:39:35.576Z] GET /api/auth/me
[2025-12-02T05:39:35.579Z] OPTIONS /api/auth/me
[2025-12-02T05:39:35.580Z] OPTIONS /api/auth/me
[2025-12-02T05:39:35.581Z] OPTIONS /api/auth/me
[2025-12-02T05:39:35.581Z] OPTIONS /api/auth/me
[2025-12-02T05:39:35.711Z] GET /api/auth/me
[2025-12-02T05:39:35.807Z] GET /api/auth/me
[2025-12-02T05:39:35.902Z] GET /api/auth/me
[2025-12-02T05:39:35.992Z] GET /api/auth/me
[2025-12-02T05:39:36.081Z] GET /api/auth/me
[2025-12-02T05:39:36.172Z] GET /api/auth/me
[2025-12-02T05:39:36.221Z] OPTIONS /api/auth/me
[2025-12-02T05:39:36.222Z] OPTIONS /api/auth/me
[2025-12-02T05:39:36.224Z] GET /api/auth/me
[2025-12-02T05:39:36.271Z] GET /api/auth/me
[2025-12-02T05:39:36.320Z] GET /api/auth/me
[2025-12-02T05:39:36.364Z] GET /api/auth/me
[2025-12-02T05:39:36.455Z] GET /api/auth/me
[2025-12-02T05:39:46.533Z] OPTIONS /api/auth/me
[2025-12-02T05:39:46.536Z] OPTIONS /api/auth/me
[2025-12-02T05:39:46.537Z] GET /api/auth/me
[2025-12-02T05:39:46.755Z] GET /api/auth/me
[2025-12-02T05:40:22.354Z] OPTIONS /api/auth/me
[2025-12-02T05:40:22.390Z] OPTIONS /api/auth/me
[2025-12-02T05:40:22.392Z] OPTIONS /api/auth/me
[2025-12-02T05:40:22.397Z] OPTIONS /api/auth/me
[2025-12-02T05:40:22.398Z] OPTIONS /api/auth/me
[2025-12-02T05:40:22.398Z] OPTIONS /api/auth/me
[2025-12-02T05:40:22.399Z] OPTIONS /api/auth/me
[2025-12-02T05:40:22.400Z] OPTIONS /api/auth/me
[2025-12-02T05:40:22.401Z] GET /api/auth/me
[2025-12-02T05:40:22.406Z] OPTIONS /api/auth/me
[2025-12-02T05:40:22.407Z] OPTIONS /api/auth/me
[2025-12-02T05:40:22.502Z] GET /api/auth/me
[2025-12-02T05:40:22.507Z] OPTIONS /api/dashboard
[2025-12-02T05:40:22.507Z] OPTIONS /api/dashboard
[2025-12-02T05:40:22.508Z] GET /api/dashboard
[2025-12-02T05:40:22.596Z] GET /api/auth/me
[2025-12-02T05:40:22.598Z] OPTIONS /api/expenses
[2025-12-02T05:40:22.598Z] OPTIONS /api/expenses
[2025-12-02T05:40:22.599Z] GET /api/expenses
[2025-12-02T05:40:22.684Z] GET /api/auth/me
[2025-12-02T05:40:22.696Z] GET /api/expenses
[2025-12-02T05:40:22.734Z] GET /api/dashboard
[2025-12-02T05:40:22.775Z] GET /api/auth/me
[2025-12-02T05:40:22.865Z] GET /api/auth/me
[2025-12-02T05:40:22.884Z] OPTIONS /api/trips
[2025-12-02T05:40:22.885Z] OPTIONS /api/trips
[2025-12-02T05:40:22.885Z] GET /api/trips
[2025-12-02T05:40:22.957Z] GET /api/auth/me
[2025-12-02T05:40:22.966Z] GET /api/expenses
[2025-12-02T05:40:22.982Z] GET /api/trips
[2025-12-02T05:40:23.057Z] GET /api/auth/me
[2025-12-02T05:40:23.065Z] GET /api/expenses
[2025-12-02T05:40:23.148Z] GET /api/auth/me
[2025-12-02T05:40:23.217Z] OPTIONS /api/auth/me
[2025-12-02T05:40:23.220Z] OPTIONS /api/auth/me
[2025-12-02T05:40:23.221Z] GET /api/auth/me
[2025-12-02T05:40:23.233Z] GET /api/auth/me
[2025-12-02T05:40:23.246Z] GET /api/expenses
[2025-12-02T05:40:23.310Z] GET /api/auth/me
[2025-12-02T05:40:23.324Z] OPTIONS /api/trips
[2025-12-02T05:40:23.325Z] OPTIONS /api/trips
[2025-12-02T05:40:23.329Z] GET /api/trips
[2025-12-02T05:40:23.338Z] GET /api/expenses
[2025-12-02T05:40:23.420Z] GET /api/trips
[2025-12-02T05:42:19.413Z] OPTIONS /api/trips
[2025-12-02T05:42:19.416Z] OPTIONS /api/trips
[2025-12-02T05:42:19.416Z] GET /api/trips
[2025-12-02T05:42:19.525Z] GET /api/trips
[2025-12-02T05:42:20.684Z] OPTIONS /api/dashboard
[2025-12-02T05:42:20.686Z] OPTIONS /api/dashboard
[2025-12-02T05:42:20.687Z] GET /api/dashboard
[2025-12-02T05:42:20.922Z] GET /api/dashboard
[2025-12-02T05:42:37.550Z] OPTIONS /api/trips
[2025-12-02T05:42:37.551Z] OPTIONS /api/trips
[2025-12-02T05:42:37.552Z] GET /api/trips
[2025-12-02T05:42:37.649Z] GET /api/trips
[2025-12-02T05:42:48.297Z] OPTIONS /api/trips
[2025-12-02T05:42:48.299Z] OPTIONS /api/trips
[2025-12-02T05:42:48.300Z] GET /api/trips
[2025-12-02T05:42:48.406Z] GET /api/trips
[2025-12-02T05:43:02.775Z] OPTIONS /api/trips
[2025-12-02T05:43:02.777Z] POST /api/trips
[2025-12-02T05:43:05.276Z] POST /api/trips
[2025-12-02T05:43:09.958Z] OPTIONS /api/trips
[2025-12-02T05:43:09.961Z] POST /api/trips
[2025-12-02T05:43:10.473Z] POST /api/trips
[2025-12-02T05:43:10.622Z] POST /api/trips
[2025-12-02T05:44:27.440Z] OPTIONS /api/trips
[2025-12-02T05:44:27.442Z] GET /api/trips
[2025-12-02T05:44:28.217Z] OPTIONS /api/trips
[2025-12-02T05:44:28.219Z] GET /api/trips
[2025-12-02T05:44:29.579Z] GET /api/trips
[2025-12-02T05:44:29.694Z] GET /api/trips
[2025-12-02T05:44:30.218Z] GET /api/trips
[2025-12-02T05:44:56.639Z] OPTIONS /api/trips
[2025-12-02T05:44:56.644Z] POST /api/trips
[2025-12-02T05:44:57.589Z] POST /api/trips
[2025-12-02T05:44:58.356Z] POST /api/trips
[2025-12-02T05:44:59.207Z] POST /api/trips
[2025-12-02T05:45:16.965Z] OPTIONS /api/trips
[2025-12-02T05:45:16.969Z] POST /api/trips
[2025-12-02T05:45:17.706Z] POST /api/trips
[2025-12-02T05:45:18.374Z] POST /api/trips
[2025-12-02T05:45:19.373Z] POST /api/trips
[2025-12-02T05:53:12.082Z] OPTIONS /api/auth/me
[2025-12-02T05:53:12.084Z] OPTIONS /api/auth/me
[2025-12-02T05:53:12.084Z] GET /api/auth/me
[2025-12-02T05:53:12.180Z] GET /api/auth/me
[2025-12-02T05:53:12.194Z] OPTIONS /api/trips
[2025-12-02T05:53:12.194Z] OPTIONS /api/trips
[2025-12-02T05:53:12.195Z] GET /api/trips
[2025-12-02T05:53:12.348Z] GET /api/trips
[2025-12-02T05:53:25.291Z] OPTIONS /api/trips
[2025-12-02T05:53:25.292Z] POST /api/trips
[2025-12-02T05:53:29.371Z] POST /api/trips
[2025-12-02T05:53:30.303Z] OPTIONS /api/trips
[2025-12-02T05:53:30.305Z] POST /api/trips
[2025-12-02T05:53:31.186Z] POST /api/trips
[2025-12-02T05:54:09.149Z] OPTIONS /api/auth/me
[2025-12-02T05:54:09.151Z] OPTIONS /api/auth/me
[2025-12-02T05:54:09.152Z] GET /api/auth/me
[2025-12-02T05:54:09.242Z] GET /api/auth/me
[2025-12-02T05:54:09.247Z] OPTIONS /api/trips
[2025-12-02T05:54:09.248Z] OPTIONS /api/trips
[2025-12-02T05:54:09.249Z] GET /api/trips
[2025-12-02T05:54:09.341Z] GET /api/trips
[2025-12-02T05:54:25.721Z] OPTIONS /api/trips
[2025-12-02T05:54:25.723Z] POST /api/trips
[2025-12-02T05:54:26.569Z] POST /api/trips
[2025-12-02T05:55:31.089Z] OPTIONS /api/trips
[2025-12-02T05:55:31.093Z] POST /api/trips
[2025-12-02T05:55:32.223Z] POST /api/trips
[2025-12-02T05:56:25.173Z] OPTIONS /api/trips
[2025-12-02T05:56:25.176Z] POST /api/trips
[2025-12-02T05:56:35.899Z] OPTIONS /api/trips
[2025-12-02T05:56:35.901Z] POST /api/trips
[2025-12-02T05:57:58.119Z] OPTIONS /api/trips
[2025-12-02T05:57:58.122Z] POST /api/trips
[2025-12-02T05:57:59.206Z] POST /api/trips
[2025-12-02T05:58:05.656Z] OPTIONS /api/auth/login
[2025-12-02T05:58:05.658Z] POST /api/auth/login
[2025-12-02T05:58:05.816Z] OPTIONS /api/dashboard
[2025-12-02T05:58:05.817Z] OPTIONS /api/dashboard
[2025-12-02T05:58:05.818Z] GET /api/dashboard
[2025-12-02T05:58:06.030Z] GET /api/dashboard
[2025-12-02T05:58:07.746Z] OPTIONS /api/trips
[2025-12-02T05:58:07.747Z] OPTIONS /api/trips
[2025-12-02T05:58:07.750Z] GET /api/trips
[2025-12-02T05:58:07.841Z] GET /api/trips
[2025-12-02T05:58:22.392Z] OPTIONS /api/trips
[2025-12-02T05:58:22.394Z] POST /api/trips
[2025-12-02T05:58:23.323Z] POST /api/trips
[2025-12-02T05:59:47.493Z] OPTIONS /api/trips
[2025-12-02T05:59:47.497Z] POST /api/trips
